CRITICAL - 2024-06-23 22:00:36 --> CodeIgniter\View\Exceptions\ViewException: Invalid file: "default.php"
[Method: GET, Route: /]
in SYSTEMPATH/Exceptions/FrameworkException.php on line 41.
 1 SYSTEMPATH/View/View.php(222): CodeIgniter\Exceptions\FrameworkException::forInvalidFile('default.php')
 2 SYSTEMPATH/View/View.php(250): CodeIgniter\View\View->render('default', [], true)
 3 SYSTEMPATH/Common.php(1171): CodeIgniter\View\View->render('admin/dashboard', [], true)
 4 APPPATH/Controllers/Admin/DashboardController.php(15): view('admin/dashboard', [...])
 5 SYSTEMPATH/CodeIgniter.php(933): App\Controllers\Admin\DashboardController->index()
 6 SYSTEMPATH/CodeIgniter.php(509): CodeIgniter\CodeIgniter->runController(Object(App\Controllers\Admin\DashboardController))
 7 SYSTEMPATH/CodeIgniter.php(355): CodeIgniter\CodeIgniter->handleRequest(null, Object(Config\Cache), false)
 8 SYSTEMPATH/Boot.php(325): CodeIgniter\CodeIgniter->run()
 9 SYSTEMPATH/Boot.php(67): CodeIgniter\Boot::runCodeIgniter(Object(CodeIgniter\CodeIgniter))
10 FCPATH/index.php(56): CodeIgniter\Boot::bootWeb(Object(Config\Paths))
11 SYSTEMPATH/Commands/Server/rewrite.php(49): require_once('/Users/rudipratama/Projects/company-profile/public/index.php')
CRITICAL - 2024-06-23 22:01:12 --> CodeIgniter\View\Exceptions\ViewException: Invalid file: "layout.php"
[Method: GET, Route: /]
in SYSTEMPATH/Exceptions/FrameworkException.php on line 41.
 1 SYSTEMPATH/View/View.php(222): CodeIgniter\Exceptions\FrameworkException::forInvalidFile('layout.php')
 2 SYSTEMPATH/View/View.php(250): CodeIgniter\View\View->render('layout', [], true)
 3 SYSTEMPATH/Common.php(1171): CodeIgniter\View\View->render('admin/dashboard', [], true)
 4 APPPATH/Controllers/Admin/DashboardController.php(15): view('admin/dashboard', [...])
 5 SYSTEMPATH/CodeIgniter.php(933): App\Controllers\Admin\DashboardController->index()
 6 SYSTEMPATH/CodeIgniter.php(509): CodeIgniter\CodeIgniter->runController(Object(App\Controllers\Admin\DashboardController))
 7 SYSTEMPATH/CodeIgniter.php(355): CodeIgniter\CodeIgniter->handleRequest(null, Object(Config\Cache), false)
 8 SYSTEMPATH/Boot.php(325): CodeIgniter\CodeIgniter->run()
 9 SYSTEMPATH/Boot.php(67): CodeIgniter\Boot::runCodeIgniter(Object(CodeIgniter\CodeIgniter))
10 FCPATH/index.php(56): CodeIgniter\Boot::bootWeb(Object(Config\Paths))
11 SYSTEMPATH/Commands/Server/rewrite.php(49): require_once('/Users/rudipratama/Projects/company-profile/public/index.php')
CRITICAL - 2024-06-23 22:01:18 --> CodeIgniter\View\Exceptions\ViewException: Invalid file: "admin/default.php"
[Method: GET, Route: /]
in SYSTEMPATH/Exceptions/FrameworkException.php on line 41.
 1 SYSTEMPATH/View/View.php(222): CodeIgniter\Exceptions\FrameworkException::forInvalidFile('admin/default.php')
 2 SYSTEMPATH/View/View.php(250): CodeIgniter\View\View->render('admin/default', [], true)
 3 SYSTEMPATH/Common.php(1171): CodeIgniter\View\View->render('admin/dashboard', [], true)
 4 APPPATH/Controllers/Admin/DashboardController.php(15): view('admin/dashboard', [...])
 5 SYSTEMPATH/CodeIgniter.php(933): App\Controllers\Admin\DashboardController->index()
 6 SYSTEMPATH/CodeIgniter.php(509): CodeIgniter\CodeIgniter->runController(Object(App\Controllers\Admin\DashboardController))
 7 SYSTEMPATH/CodeIgniter.php(355): CodeIgniter\CodeIgniter->handleRequest(null, Object(Config\Cache), false)
 8 SYSTEMPATH/Boot.php(325): CodeIgniter\CodeIgniter->run()
 9 SYSTEMPATH/Boot.php(67): CodeIgniter\Boot::runCodeIgniter(Object(CodeIgniter\CodeIgniter))
10 FCPATH/index.php(56): CodeIgniter\Boot::bootWeb(Object(Config\Paths))
11 SYSTEMPATH/Commands/Server/rewrite.php(49): require_once('/Users/rudipratama/Projects/company-profile/public/index.php')
CRITICAL - 2024-06-23 22:11:57 --> CodeIgniter\View\Exceptions\ViewException: Invalid file: "navbar.php"
[Method: GET, Route: /]
in SYSTEMPATH/Exceptions/FrameworkException.php on line 41.
 1 SYSTEMPATH/View/View.php(222): CodeIgniter\Exceptions\FrameworkException::forInvalidFile('navbar.php')
 2 SYSTEMPATH/View/View.php(487): CodeIgniter\View\View->render('navbar', null, true)
 3 APPPATH/Views/admin/layout/default.php(15): CodeIgniter\View\View->include('navbar')
 4 SYSTEMPATH/View/View.php(234): include('/Users/rudipratama/Projects/company-profile/app/Views/admin/layout/default.php')
 5 SYSTEMPATH/View/View.php(237): CodeIgniter\View\View->CodeIgniter\View\{closure}()
 6 SYSTEMPATH/View/View.php(250): CodeIgniter\View\View->render('admin/layout/default', [], true)
 7 SYSTEMPATH/Common.php(1171): CodeIgniter\View\View->render('admin/dashboard', [], true)
 8 APPPATH/Controllers/Admin/DashboardController.php(15): view('admin/dashboard', [...])
 9 SYSTEMPATH/CodeIgniter.php(933): App\Controllers\Admin\DashboardController->index()
10 SYSTEMPATH/CodeIgniter.php(509): CodeIgniter\CodeIgniter->runController(Object(App\Controllers\Admin\DashboardController))
11 SYSTEMPATH/CodeIgniter.php(355): CodeIgniter\CodeIgniter->handleRequest(null, Object(Config\Cache), false)
12 SYSTEMPATH/Boot.php(325): CodeIgniter\CodeIgniter->run()
13 SYSTEMPATH/Boot.php(67): CodeIgniter\Boot::runCodeIgniter(Object(CodeIgniter\CodeIgniter))
14 FCPATH/index.php(56): CodeIgniter\Boot::bootWeb(Object(Config\Paths))
15 SYSTEMPATH/Commands/Server/rewrite.php(49): require_once('/Users/rudipratama/Projects/company-profile/public/index.php')
CRITICAL - 2024-06-23 22:19:43 --> CodeIgniter\View\Exceptions\ViewException: Invalid file: "admin/dashboard.php"
[Method: GET, Route: /]
in SYSTEMPATH/Exceptions/FrameworkException.php on line 41.
 1 SYSTEMPATH/View/View.php(222): CodeIgniter\Exceptions\FrameworkException::forInvalidFile('admin/dashboard.php')
 2 SYSTEMPATH/Common.php(1171): CodeIgniter\View\View->render('admin/dashboard', [], true)
 3 APPPATH/Controllers/Admin/DashboardController.php(15): view('admin/dashboard', [...])
 4 SYSTEMPATH/CodeIgniter.php(933): App\Controllers\Admin\DashboardController->index()
 5 SYSTEMPATH/CodeIgniter.php(509): CodeIgniter\CodeIgniter->runController(Object(App\Controllers\Admin\DashboardController))
 6 SYSTEMPATH/CodeIgniter.php(355): CodeIgniter\CodeIgniter->handleRequest(null, Object(Config\Cache), false)
 7 SYSTEMPATH/Boot.php(325): CodeIgniter\CodeIgniter->run()
 8 SYSTEMPATH/Boot.php(67): CodeIgniter\Boot::runCodeIgniter(Object(CodeIgniter\CodeIgniter))
 9 FCPATH/index.php(56): CodeIgniter\Boot::bootWeb(Object(Config\Paths))
10 SYSTEMPATH/Commands/Server/rewrite.php(49): require_once('/Users/rudipratama/Projects/company-profile/public/index.php')
